[31m  ERROR[0m - [33m06/Mar/2014 22:16:22[0m NoMethodError - undefined method `title' for nil:NilClass:
 /home/leemour/Ruby/lenstroy2/app/views/pages/page.haml:1:in `block in singleton class'
 /home/leemour/Ruby/lenstroy2/app/views/pages/page.haml:-8:in `instance_eval'
 /home/leemour/Ruby/lenstroy2/app/views/pages/page.haml:-8:in `singleton class'
 /home/leemour/Ruby/lenstroy2/app/views/pages/page.haml:-10:in `__tilt_70177534063740'
 /home/leemour/.rbenv/versions/2.1.0/lib/ruby/gems/2.1.0/gems/tilt-1.4.1/lib/tilt/template.rb:170:in `call'
 /home/leemour/.rbenv/versions/2.1.0/lib/ruby/gems/2.1.0/gems/tilt-1.4.1/lib/tilt/template.rb:170:in `evaluate'
 /home/leemour/.rbenv/versions/2.1.0/lib/ruby/gems/2.1.0/gems/tilt-1.4.1/lib/tilt/haml.rb:24:in `evaluate'
 /home/leemour/.rbenv/versions/2.1.0/lib/ruby/gems/2.1.0/gems/tilt-1.4.1/lib/tilt/template.rb:103:in `render'
 /home/leemour/.rbenv/versions/2.1.0/lib/ruby/gems/2.1.0/gems/padrino-core-0.12.0/lib/padrino-core/application/rendering.rb:15:in `render'
 /home/leemour/.rbenv/versions/2.1.0/lib/ruby/gems/2.1.0/gems/sinatra-1.4.4/lib/sinatra/base.rb:805:in `render'
 /home/leemour/.rbenv/versions/2.1.0/lib/ruby/gems/2.1.0/gems/padrino-core-0.12.0/lib/padrino-core/application/rendering.rb:217:in `render'
 /home/leemour/Ruby/lenstroy2/app/controllers/main.rb:14:in `block (2 levels) in <top (required)>'
 /home/leemour/.rbenv/versions/2.1.0/lib/ruby/gems/2.1.0/gems/padrino-core-0.12.0/lib/padrino-core/application/routing.rb:699:in `call'
 /home/leemour/.rbenv/versions/2.1.0/lib/ruby/gems/2.1.0/gems/padrino-core-0.12.0/lib/padrino-core/application/routing.rb:699:in `block in route'
 /home/leemour/.rbenv/versions/2.1.0/lib/ruby/gems/2.1.0/gems/padrino-core-0.12.0/lib/padrino-core/application/routing.rb:62:in `[]'
 /home/leemour/.rbenv/versions/2.1.0/lib/ruby/gems/2.1.0/gems/padrino-core-0.12.0/lib/padrino-core/application/routing.rb:62:in `block (3 levels) in process_destination_path'
 /home/leemour/.rbenv/versions/2.1.0/lib/ruby/gems/2.1.0/gems/sinatra-1.4.4/lib/sinatra/base.rb:976:in `route_eval'
 /home/leemour/.rbenv/versions/2.1.0/lib/ruby/gems/2.1.0/gems/newrelic_rpm-3.7.2.195/lib/new_relic/agent/instrumentation/sinatra.rb:133:in `route_eval_with_newrelic'
 /home/leemour/.rbenv/versions/2.1.0/lib/ruby/gems/2.1.0/gems/padrino-core-0.12.0/lib/padrino-core/application/routing.rb:62:in `block (2 levels) in process_destination_path'
 /home/leemour/.rbenv/versions/2.1.0/lib/ruby/gems/2.1.0/gems/padrino-core-0.12.0/lib/padrino-core/application/routing.rb:62:in `catch'
 /home/leemour/.rbenv/versions/2.1.0/lib/ruby/gems/2.1.0/gems/padrino-core-0.12.0/lib/padrino-core/application/routing.rb:62:in `block in process_destination_path'
 /home/leemour/.rbenv/versions/2.1.0/lib/ruby/gems/2.1.0/gems/padrino-core-0.12.0/lib/padrino-core/application/routing.rb:37:in `instance_eval'
 /home/leemour/.rbenv/versions/2.1.0/lib/ruby/gems/2.1.0/gems/padrino-core-0.12.0/lib/padrino-core/application/routing.rb:37:in `process_destination_path'
 (eval):136:in `block in call'
 (eval):125:in `catch'
 (eval):125:in `call'
 /home/leemour/.rbenv/versions/2.1.0/lib/ruby/gems/2.1.0/gems/http_router-0.11.1/lib/http_router.rb:288:in `raw_call'
 /home/leemour/.rbenv/versions/2.1.0/lib/ruby/gems/2.1.0/gems/padrino-core-0.12.0/lib/padrino-core/application/routing.rb:1101:in `route!'
 /home/leemour/.rbenv/versions/2.1.0/lib/ruby/gems/2.1.0/gems/padrino-core-0.12.0/lib/padrino-core/application/routing.rb:1086:in `block in dispatch!'
 /home/leemour/.rbenv/versions/2.1.0/lib/ruby/gems/2.1.0/gems/sinatra-1.4.4/lib/sinatra/base.rb:1049:in `block in invoke'
 /home/leemour/.rbenv/versions/2.1.0/lib/ruby/gems/2.1.0/gems/sinatra-1.4.4/lib/sinatra/base.rb:1049:in `catch'
 /home/leemour/.rbenv/versions/2.1.0/lib/ruby/gems/2.1.0/gems/sinatra-1.4.4/lib/sinatra/base.rb:1049:in `invoke'
 /home/leemour/.rbenv/versions/2.1.0/lib/ruby/gems/2.1.0/gems/padrino-core-0.12.0/lib/padrino-core/application/routing.rb:1084:in `dispatch!'
 /home/leemour/.rbenv/versions/2.1.0/lib/ruby/gems/2.1.0/gems/newrelic_rpm-3.7.2.195/lib/new_relic/agent/instrumentation/sinatra.rb:151:in `dispatch_and_notice_errors_with_newrelic'
 /home/leemour/.rbenv/versions/2.1.0/lib/ruby/gems/2.1.0/gems/newrelic_rpm-3.7.2.195/lib/new_relic/agent/instrumentation/sinatra.rb:146:in `block in dispatch_with_newrelic'
 /home/leemour/.rbenv/versions/2.1.0/lib/ruby/gems/2.1.0/gems/newrelic_rpm-3.7.2.195/lib/new_relic/agent/instrumentation/controller_instrumentation.rb:339:in `perform_action_with_newrelic_trace'
 /home/leemour/.rbenv/versions/2.1.0/lib/ruby/gems/2.1.0/gems/newrelic_rpm-3.7.2.195/lib/new_relic/agent/instrumentation/sinatra.rb:143:in `dispatch_with_newrelic'
 /home/leemour/.rbenv/versions/2.1.0/lib/ruby/gems/2.1.0/gems/sinatra-1.4.4/lib/sinatra/base.rb:889:in `block in call!'
 /home/leemour/.rbenv/versions/2.1.0/lib/ruby/gems/2.1.0/gems/sinatra-1.4.4/lib/sinatra/base.rb:1049:in `block in invoke'
 /home/leemour/.rbenv/versions/2.1.0/lib/ruby/gems/2.1.0/gems/sinatra-1.4.4/lib/sinatra/base.rb:1049:in `catch'
 /home/leemour/.rbenv/versions/2.1.0/lib/ruby/gems/2.1.0/gems/sinatra-1.4.4/lib/sinatra/base.rb:1049:in `invoke'
 /home/leemour/.rbenv/versions/2.1.0/lib/ruby/gems/2.1.0/gems/sinatra-1.4.4/lib/sinatra/base.rb:889:in `call!'
 /home/leemour/.rbenv/versions/2.1.0/lib/ruby/gems/2.1.0/gems/sinatra-1.4.4/lib/sinatra/base.rb:877:in `call'
 /home/leemour/.rbenv/versions/2.1.0/lib/ruby/gems/2.1.0/gems/newrelic_rpm-3.7.2.195/lib/new_relic/rack/error_collector.rb:55:in `call'
 /home/leemour/.rbenv/versions/2.1.0/lib/ruby/gems/2.1.0/gems/newrelic_rpm-3.7.2.195/lib/new_relic/rack/browser_monitoring.rb:27:in `call'
 /home/leemour/.rbenv/versions/2.1.0/lib/ruby/gems/2.1.0/gems/newrelic_rpm-3.7.2.195/lib/new_relic/rack/agent_hooks.rb:32:in `call'
 /home/leemour/.rbenv/versions/2.1.0/lib/ruby/gems/2.1.0/gems/activerecord-4.0.3/lib/active_record/connection_adapters/abstract/connection_pool.rb:626:in `call'
 /home/leemour/.rbenv/versions/2.1.0/lib/ruby/gems/2.1.0/gems/sass-3.2.14/lib/sass/plugin/rack.rb:54:in `call'
 /home/leemour/.rbenv/versions/2.1.0/lib/ruby/gems/2.1.0/gems/rack-protection-1.5.2/lib/rack/protection/base.rb:50:in `call'
 /home/leemour/.rbenv/versions/2.1.0/lib/ruby/gems/2.1.0/gems/rack-protection-1.5.2/lib/rack/protection/xss_header.rb:18:in `call'
 /home/leemour/.rbenv/versions/2.1.0/lib/ruby/gems/2.1.0/gems/rack-protection-1.5.2/lib/rack/protection/base.rb:50:in `call'
 /home/leemour/.rbenv/versions/2.1.0/lib/ruby/gems/2.1.0/gems/rack-protection-1.5.2/lib/rack/protection/base.rb:50:in `call'
 /home/leemour/.rbenv/versions/2.1.0/lib/ruby/gems/2.1.0/gems/rack-protection-1.5.2/lib/rack/protection/json_csrf.rb:18:in `call'
 /home/leemour/.rbenv/versions/2.1.0/lib/ruby/gems/2.1.0/gems/rack-protection-1.5.2/lib/rack/protection/base.rb:50:in `call'
 /home/leemour/.rbenv/versions/2.1.0/lib/ruby/gems/2.1.0/gems/rack-protection-1.5.2/lib/rack/protection/base.rb:50:in `call'
 /home/leemour/.rbenv/versions/2.1.0/lib/ruby/gems/2.1.0/gems/rack-protection-1.5.2/lib/rack/protection/frame_options.rb:31:in `call'
 /home/leemour/.rbenv/versions/2.1.0/lib/ruby/gems/2.1.0/gems/rack-1.5.2/lib/rack/head.rb:11:in `call'
 /home/leemour/.rbenv/versions/2.1.0/lib/ruby/gems/2.1.0/gems/rack-1.5.2/lib/rack/methodoverride.rb:21:in `call'
 /home/leemour/.rbenv/versions/2.1.0/lib/ruby/gems/2.1.0/gems/padrino-core-0.12.0/lib/padrino-core/reloader/rack.rb:22:in `call'
 /home/leemour/.rbenv/versions/2.1.0/lib/ruby/gems/2.1.0/gems/rack-1.5.2/lib/rack/session/abstract/id.rb:225:in `context'
 /home/leemour/.rbenv/versions/2.1.0/lib/ruby/gems/2.1.0/gems/rack-1.5.2/lib/rack/session/abstract/id.rb:220:in `call'
 /home/leemour/.rbenv/versions/2.1.0/lib/ruby/gems/2.1.0/gems/sinatra-1.4.4/lib/sinatra/base.rb:2004:in `call'
 /home/leemour/.rbenv/versions/2.1.0/lib/ruby/gems/2.1.0/gems/sinatra-1.4.4/lib/sinatra/base.rb:1469:in `block in call'
 /home/leemour/.rbenv/versions/2.1.0/lib/ruby/gems/2.1.0/gems/sinatra-1.4.4/lib/sinatra/base.rb:1778:in `synchronize'
 /home/leemour/.rbenv/versions/2.1.0/lib/ruby/gems/2.1.0/gems/sinatra-1.4.4/lib/sinatra/base.rb:1469:in `call'
 /home/leemour/.rbenv/versions/2.1.0/lib/ruby/gems/2.1.0/gems/padrino-core-0.12.0/lib/padrino-core/router.rb:82:in `block in call'
 /home/leemour/.rbenv/versions/2.1.0/lib/ruby/gems/2.1.0/gems/padrino-core-0.12.0/lib/padrino-core/router.rb:75:in `each'
 /home/leemour/.rbenv/versions/2.1.0/lib/ruby/gems/2.1.0/gems/padrino-core-0.12.0/lib/padrino-core/router.rb:75:in `call'
 /home/leemour/.rbenv/versions/2.1.0/lib/ruby/gems/2.1.0/gems/puma-2.8.0/lib/puma/server.rb:490:in `handle_request'
 /home/leemour/.rbenv/versions/2.1.0/lib/ruby/gems/2.1.0/gems/puma-2.8.0/lib/puma/server.rb:361:in `process_client'
 /home/leemour/.rbenv/versions/2.1.0/lib/ruby/gems/2.1.0/gems/puma-2.8.0/lib/puma/server.rb:254:in `block in run'
 /home/leemour/.rbenv/versions/2.1.0/lib/ruby/gems/2.1.0/gems/puma-2.8.0/lib/puma/thread_pool.rb:92:in `call'
 /home/leemour/.rbenv/versions/2.1.0/lib/ruby/gems/2.1.0/gems/puma-2.8.0/lib/puma/thread_pool.rb:92:in `block in spawn_thread'
[31m  ERROR[0m - [33m06/Mar/2014 22:16:29[0m NoMethodError - undefined method `title' for nil:NilClass:
 /home/leemour/Ruby/lenstroy2/app/views/pages/page.haml:1:in `block in singleton class'
 /home/leemour/Ruby/lenstroy2/app/views/pages/page.haml:-8:in `instance_eval'
 /home/leemour/Ruby/lenstroy2/app/views/pages/page.haml:-8:in `singleton class'
 /home/leemour/Ruby/lenstroy2/app/views/pages/page.haml:-10:in `__tilt_69848097974020'
 /home/leemour/.rbenv/versions/2.1.0/lib/ruby/gems/2.1.0/gems/tilt-1.4.1/lib/tilt/template.rb:170:in `call'
 /home/leemour/.rbenv/versions/2.1.0/lib/ruby/gems/2.1.0/gems/tilt-1.4.1/lib/tilt/template.rb:170:in `evaluate'
 /home/leemour/.rbenv/versions/2.1.0/lib/ruby/gems/2.1.0/gems/tilt-1.4.1/lib/tilt/haml.rb:24:in `evaluate'
 /home/leemour/.rbenv/versions/2.1.0/lib/ruby/gems/2.1.0/gems/tilt-1.4.1/lib/tilt/template.rb:103:in `render'
 /home/leemour/.rbenv/versions/2.1.0/lib/ruby/gems/2.1.0/gems/padrino-core-0.12.0/lib/padrino-core/application/rendering.rb:15:in `render'
 /home/leemour/.rbenv/versions/2.1.0/lib/ruby/gems/2.1.0/gems/sinatra-1.4.4/lib/sinatra/base.rb:805:in `render'
 /home/leemour/.rbenv/versions/2.1.0/lib/ruby/gems/2.1.0/gems/padrino-core-0.12.0/lib/padrino-core/application/rendering.rb:217:in `render'
 /home/leemour/Ruby/lenstroy2/app/controllers/main.rb:14:in `block (2 levels) in <top (required)>'
 /home/leemour/.rbenv/versions/2.1.0/lib/ruby/gems/2.1.0/gems/padrino-core-0.12.0/lib/padrino-core/application/routing.rb:699:in `call'
 /home/leemour/.rbenv/versions/2.1.0/lib/ruby/gems/2.1.0/gems/padrino-core-0.12.0/lib/padrino-core/application/routing.rb:699:in `block in route'
 /home/leemour/.rbenv/versions/2.1.0/lib/ruby/gems/2.1.0/gems/padrino-core-0.12.0/lib/padrino-core/application/routing.rb:62:in `[]'
 /home/leemour/.rbenv/versions/2.1.0/lib/ruby/gems/2.1.0/gems/padrino-core-0.12.0/lib/padrino-core/application/routing.rb:62:in `block (3 levels) in process_destination_path'
 /home/leemour/.rbenv/versions/2.1.0/lib/ruby/gems/2.1.0/gems/sinatra-1.4.4/lib/sinatra/base.rb:976:in `route_eval'
 /home/leemour/.rbenv/versions/2.1.0/lib/ruby/gems/2.1.0/gems/newrelic_rpm-3.7.2.195/lib/new_relic/agent/instrumentation/sinatra.rb:133:in `route_eval_with_newrelic'
 /home/leemour/.rbenv/versions/2.1.0/lib/ruby/gems/2.1.0/gems/padrino-core-0.12.0/lib/padrino-core/application/routing.rb:62:in `block (2 levels) in process_destination_path'
 /home/leemour/.rbenv/versions/2.1.0/lib/ruby/gems/2.1.0/gems/padrino-core-0.12.0/lib/padrino-core/application/routing.rb:62:in `catch'
 /home/leemour/.rbenv/versions/2.1.0/lib/ruby/gems/2.1.0/gems/padrino-core-0.12.0/lib/padrino-core/application/routing.rb:62:in `block in process_destination_path'
 /home/leemour/.rbenv/versions/2.1.0/lib/ruby/gems/2.1.0/gems/padrino-core-0.12.0/lib/padrino-core/application/routing.rb:37:in `instance_eval'
 /home/leemour/.rbenv/versions/2.1.0/lib/ruby/gems/2.1.0/gems/padrino-core-0.12.0/lib/padrino-core/application/routing.rb:37:in `process_destination_path'
 (eval):136:in `block in call'
 (eval):125:in `catch'
 (eval):125:in `call'
 /home/leemour/.rbenv/versions/2.1.0/lib/ruby/gems/2.1.0/gems/http_router-0.11.1/lib/http_router.rb:288:in `raw_call'
 /home/leemour/.rbenv/versions/2.1.0/lib/ruby/gems/2.1.0/gems/http_router-0.11.1/lib/http_router.rb:142:in `call'
 /home/leemour/.rbenv/versions/2.1.0/lib/ruby/gems/2.1.0/gems/padrino-core-0.12.0/lib/padrino-core/application/routing.rb:1101:in `route!'
 /home/leemour/.rbenv/versions/2.1.0/lib/ruby/gems/2.1.0/gems/padrino-core-0.12.0/lib/padrino-core/application/routing.rb:1086:in `block in dispatch!'
 /home/leemour/.rbenv/versions/2.1.0/lib/ruby/gems/2.1.0/gems/sinatra-1.4.4/lib/sinatra/base.rb:1049:in `block in invoke'
 /home/leemour/.rbenv/versions/2.1.0/lib/ruby/gems/2.1.0/gems/sinatra-1.4.4/lib/sinatra/base.rb:1049:in `catch'
 /home/leemour/.rbenv/versions/2.1.0/lib/ruby/gems/2.1.0/gems/sinatra-1.4.4/lib/sinatra/base.rb:1049:in `invoke'
 /home/leemour/.rbenv/versions/2.1.0/lib/ruby/gems/2.1.0/gems/padrino-core-0.12.0/lib/padrino-core/application/routing.rb:1084:in `dispatch!'
 /home/leemour/.rbenv/versions/2.1.0/lib/ruby/gems/2.1.0/gems/newrelic_rpm-3.7.2.195/lib/new_relic/agent/instrumentation/sinatra.rb:151:in `dispatch_and_notice_errors_with_newrelic'
 /home/leemour/.rbenv/versions/2.1.0/lib/ruby/gems/2.1.0/gems/newrelic_rpm-3.7.2.195/lib/new_relic/agent/instrumentation/sinatra.rb:146:in `block in dispatch_with_newrelic'
 /home/leemour/.rbenv/versions/2.1.0/lib/ruby/gems/2.1.0/gems/newrelic_rpm-3.7.2.195/lib/new_relic/agent/instrumentation/controller_instrumentation.rb:339:in `perform_action_with_newrelic_trace'
 /home/leemour/.rbenv/versions/2.1.0/lib/ruby/gems/2.1.0/gems/newrelic_rpm-3.7.2.195/lib/new_relic/agent/instrumentation/sinatra.rb:143:in `dispatch_with_newrelic'
 /home/leemour/.rbenv/versions/2.1.0/lib/ruby/gems/2.1.0/gems/sinatra-1.4.4/lib/sinatra/base.rb:889:in `block in call!'
 /home/leemour/.rbenv/versions/2.1.0/lib/ruby/gems/2.1.0/gems/sinatra-1.4.4/lib/sinatra/base.rb:1049:in `block in invoke'
 /home/leemour/.rbenv/versions/2.1.0/lib/ruby/gems/2.1.0/gems/sinatra-1.4.4/lib/sinatra/base.rb:1049:in `catch'
 /home/leemour/.rbenv/versions/2.1.0/lib/ruby/gems/2.1.0/gems/sinatra-1.4.4/lib/sinatra/base.rb:1049:in `invoke'
 /home/leemour/.rbenv/versions/2.1.0/lib/ruby/gems/2.1.0/gems/sinatra-1.4.4/lib/sinatra/base.rb:889:in `call!'
 /home/leemour/.rbenv/versions/2.1.0/lib/ruby/gems/2.1.0/gems/sinatra-1.4.4/lib/sinatra/base.rb:877:in `call'
 /home/leemour/.rbenv/versions/2.1.0/lib/ruby/gems/2.1.0/gems/padrino-core-0.12.0/lib/padrino-core/application.rb:34:in `block in call'
 /home/leemour/.rbenv/versions/2.1.0/lib/ruby/gems/2.1.0/gems/padrino-core-0.12.0/lib/padrino-core/application.rb:30:in `synchronize'
 /home/leemour/.rbenv/versions/2.1.0/lib/ruby/gems/2.1.0/gems/padrino-core-0.12.0/lib/padrino-core/application.rb:30:in `call'
 /home/leemour/.rbenv/versions/2.1.0/lib/ruby/gems/2.1.0/gems/newrelic_rpm-3.7.2.195/lib/new_relic/rack/error_collector.rb:55:in `call'
 /home/leemour/.rbenv/versions/2.1.0/lib/ruby/gems/2.1.0/gems/newrelic_rpm-3.7.2.195/lib/new_relic/rack/browser_monitoring.rb:27:in `call'
 /home/leemour/.rbenv/versions/2.1.0/lib/ruby/gems/2.1.0/gems/newrelic_rpm-3.7.2.195/lib/new_relic/rack/agent_hooks.rb:32:in `call'
 /home/leemour/.rbenv/versions/2.1.0/lib/ruby/gems/2.1.0/gems/activerecord-4.0.3/lib/active_record/connection_adapters/abstract/connection_pool.rb:626:in `call'
 /home/leemour/.rbenv/versions/2.1.0/lib/ruby/gems/2.1.0/gems/sass-3.2.14/lib/sass/plugin/rack.rb:54:in `call'
 /home/leemour/.rbenv/versions/2.1.0/lib/ruby/gems/2.1.0/gems/rack-protection-1.5.2/lib/rack/protection/base.rb:50:in `call'
 /home/leemour/.rbenv/versions/2.1.0/lib/ruby/gems/2.1.0/gems/rack-protection-1.5.2/lib/rack/protection/xss_header.rb:18:in `call'
 /home/leemour/.rbenv/versions/2.1.0/lib/ruby/gems/2.1.0/gems/rack-protection-1.5.2/lib/rack/protection/base.rb:50:in `call'
 /home/leemour/.rbenv/versions/2.1.0/lib/ruby/gems/2.1.0/gems/rack-protection-1.5.2/lib/rack/protection/base.rb:50:in `call'
 /home/leemour/.rbenv/versions/2.1.0/lib/ruby/gems/2.1.0/gems/rack-protection-1.5.2/lib/rack/protection/json_csrf.rb:18:in `call'
 /home/leemour/.rbenv/versions/2.1.0/lib/ruby/gems/2.1.0/gems/rack-protection-1.5.2/lib/rack/protection/base.rb:50:in `call'
 /home/leemour/.rbenv/versions/2.1.0/lib/ruby/gems/2.1.0/gems/rack-protection-1.5.2/lib/rack/protection/base.rb:50:in `call'
 /home/leemour/.rbenv/versions/2.1.0/lib/ruby/gems/2.1.0/gems/rack-protection-1.5.2/lib/rack/protection/frame_options.rb:31:in `call'
 /home/leemour/.rbenv/versions/2.1.0/lib/ruby/gems/2.1.0/gems/rack-1.5.2/lib/rack/head.rb:11:in `call'
 /home/leemour/.rbenv/versions/2.1.0/lib/ruby/gems/2.1.0/gems/rack-1.5.2/lib/rack/methodoverride.rb:21:in `call'
 /home/leemour/.rbenv/versions/2.1.0/lib/ruby/gems/2.1.0/gems/padrino-core-0.12.0/lib/padrino-core/reloader/rack.rb:22:in `call'
 /home/leemour/.rbenv/versions/2.1.0/lib/ruby/gems/2.1.0/gems/rack-1.5.2/lib/rack/session/abstract/id.rb:225:in `context'
 /home/leemour/.rbenv/versions/2.1.0/lib/ruby/gems/2.1.0/gems/rack-1.5.2/lib/rack/session/abstract/id.rb:220:in `call'
 /home/leemour/.rbenv/versions/2.1.0/lib/ruby/gems/2.1.0/gems/sinatra-1.4.4/lib/sinatra/base.rb:2004:in `call'
 /home/leemour/.rbenv/versions/2.1.0/lib/ruby/gems/2.1.0/gems/sinatra-1.4.4/lib/sinatra/base.rb:1469:in `block in call'
 /home/leemour/.rbenv/versions/2.1.0/lib/ruby/gems/2.1.0/gems/sinatra-1.4.4/lib/sinatra/base.rb:1778:in `synchronize'
 /home/leemour/.rbenv/versions/2.1.0/lib/ruby/gems/2.1.0/gems/sinatra-1.4.4/lib/sinatra/base.rb:1469:in `call'
 /home/leemour/.rbenv/versions/2.1.0/lib/ruby/gems/2.1.0/gems/padrino-core-0.12.0/lib/padrino-core/router.rb:82:in `block in call'
 /home/leemour/.rbenv/versions/2.1.0/lib/ruby/gems/2.1.0/gems/padrino-core-0.12.0/lib/padrino-core/router.rb:75:in `each'
 /home/leemour/.rbenv/versions/2.1.0/lib/ruby/gems/2.1.0/gems/padrino-core-0.12.0/lib/padrino-core/router.rb:75:in `call'
 /home/leemour/.rbenv/versions/2.1.0/lib/ruby/gems/2.1.0/gems/puma-2.8.0/lib/puma/server.rb:490:in `handle_request'
 /home/leemour/.rbenv/versions/2.1.0/lib/ruby/gems/2.1.0/gems/puma-2.8.0/lib/puma/server.rb:361:in `process_client'
 /home/leemour/.rbenv/versions/2.1.0/lib/ruby/gems/2.1.0/gems/puma-2.8.0/lib/puma/server.rb:254:in `block in run'
 /home/leemour/.rbenv/versions/2.1.0/lib/ruby/gems/2.1.0/gems/puma-2.8.0/lib/puma/thread_pool.rb:92:in `call'
 /home/leemour/.rbenv/versions/2.1.0/lib/ruby/gems/2.1.0/gems/puma-2.8.0/lib/puma/thread_pool.rb:92:in `block in spawn_thread'
[31m  ERROR[0m - [33m06/Mar/2014 22:18:35[0m NoMethodError - undefined method `title' for nil:NilClass:
 /home/leemour/Ruby/lenstroy2/app/views/pages/page.haml:1:in `block in singleton class'
 /home/leemour/Ruby/lenstroy2/app/views/pages/page.haml:-8:in `instance_eval'
 /home/leemour/Ruby/lenstroy2/app/views/pages/page.haml:-8:in `singleton class'
 /home/leemour/Ruby/lenstroy2/app/views/pages/page.haml:-10:in `__tilt_69848097974020'
 /home/leemour/.rbenv/versions/2.1.0/lib/ruby/gems/2.1.0/gems/tilt-1.4.1/lib/tilt/template.rb:170:in `call'
 /home/leemour/.rbenv/versions/2.1.0/lib/ruby/gems/2.1.0/gems/tilt-1.4.1/lib/tilt/template.rb:170:in `evaluate'
 /home/leemour/.rbenv/versions/2.1.0/lib/ruby/gems/2.1.0/gems/tilt-1.4.1/lib/tilt/haml.rb:24:in `evaluate'
 /home/leemour/.rbenv/versions/2.1.0/lib/ruby/gems/2.1.0/gems/tilt-1.4.1/lib/tilt/template.rb:103:in `render'
 /home/leemour/.rbenv/versions/2.1.0/lib/ruby/gems/2.1.0/gems/padrino-core-0.12.0/lib/padrino-core/application/rendering.rb:15:in `render'
 /home/leemour/.rbenv/versions/2.1.0/lib/ruby/gems/2.1.0/gems/sinatra-1.4.4/lib/sinatra/base.rb:805:in `render'
 /home/leemour/.rbenv/versions/2.1.0/lib/ruby/gems/2.1.0/gems/padrino-core-0.12.0/lib/padrino-core/application/rendering.rb:217:in `render'
 /home/leemour/Ruby/lenstroy2/app/controllers/main.rb:14:in `block (2 levels) in <top (required)>'
 /home/leemour/.rbenv/versions/2.1.0/lib/ruby/gems/2.1.0/gems/padrino-core-0.12.0/lib/padrino-core/application/routing.rb:699:in `call'
 /home/leemour/.rbenv/versions/2.1.0/lib/ruby/gems/2.1.0/gems/padrino-core-0.12.0/lib/padrino-core/application/routing.rb:699:in `block in route'
 /home/leemour/.rbenv/versions/2.1.0/lib/ruby/gems/2.1.0/gems/padrino-core-0.12.0/lib/padrino-core/application/routing.rb:62:in `[]'
 /home/leemour/.rbenv/versions/2.1.0/lib/ruby/gems/2.1.0/gems/padrino-core-0.12.0/lib/padrino-core/application/routing.rb:62:in `block (3 levels) in process_destination_path'
 /home/leemour/.rbenv/versions/2.1.0/lib/ruby/gems/2.1.0/gems/sinatra-1.4.4/lib/sinatra/base.rb:976:in `route_eval'
 /home/leemour/.rbenv/versions/2.1.0/lib/ruby/gems/2.1.0/gems/newrelic_rpm-3.7.2.195/lib/new_relic/agent/instrumentation/sinatra.rb:133:in `route_eval_with_newrelic'
 /home/leemour/.rbenv/versions/2.1.0/lib/ruby/gems/2.1.0/gems/padrino-core-0.12.0/lib/padrino-core/application/routing.rb:62:in `block (2 levels) in process_destination_path'
 /home/leemour/.rbenv/versions/2.1.0/lib/ruby/gems/2.1.0/gems/padrino-core-0.12.0/lib/padrino-core/application/routing.rb:62:in `catch'
 /home/leemour/.rbenv/versions/2.1.0/lib/ruby/gems/2.1.0/gems/padrino-core-0.12.0/lib/padrino-core/application/routing.rb:62:in `block in process_destination_path'
 /home/leemour/.rbenv/versions/2.1.0/lib/ruby/gems/2.1.0/gems/padrino-core-0.12.0/lib/padrino-core/application/routing.rb:37:in `instance_eval'
 /home/leemour/.rbenv/versions/2.1.0/lib/ruby/gems/2.1.0/gems/padrino-core-0.12.0/lib/padrino-core/application/routing.rb:37:in `process_destination_path'
 (eval):136:in `block in call'
 (eval):125:in `catch'
 (eval):125:in `call'
 /home/leemour/.rbenv/versions/2.1.0/lib/ruby/gems/2.1.0/gems/http_router-0.11.1/lib/http_router.rb:288:in `raw_call'
 /home/leemour/.rbenv/versions/2.1.0/lib/ruby/gems/2.1.0/gems/padrino-core-0.12.0/lib/padrino-core/application/routing.rb:1101:in `route!'
 /home/leemour/.rbenv/versions/2.1.0/lib/ruby/gems/2.1.0/gems/padrino-core-0.12.0/lib/padrino-core/application/routing.rb:1086:in `block in dispatch!'
 /home/leemour/.rbenv/versions/2.1.0/lib/ruby/gems/2.1.0/gems/sinatra-1.4.4/lib/sinatra/base.rb:1049:in `block in invoke'
 /home/leemour/.rbenv/versions/2.1.0/lib/ruby/gems/2.1.0/gems/sinatra-1.4.4/lib/sinatra/base.rb:1049:in `catch'
 /home/leemour/.rbenv/versions/2.1.0/lib/ruby/gems/2.1.0/gems/sinatra-1.4.4/lib/sinatra/base.rb:1049:in `invoke'
 /home/leemour/.rbenv/versions/2.1.0/lib/ruby/gems/2.1.0/gems/padrino-core-0.12.0/lib/padrino-core/application/routing.rb:1084:in `dispatch!'
 /home/leemour/.rbenv/versions/2.1.0/lib/ruby/gems/2.1.0/gems/newrelic_rpm-3.7.2.195/lib/new_relic/agent/instrumentation/sinatra.rb:151:in `dispatch_and_notice_errors_with_newrelic'
 /home/leemour/.rbenv/versions/2.1.0/lib/ruby/gems/2.1.0/gems/newrelic_rpm-3.7.2.195/lib/new_relic/agent/instrumentation/sinatra.rb:146:in `block in dispatch_with_newrelic'
 /home/leemour/.rbenv/versions/2.1.0/lib/ruby/gems/2.1.0/gems/newrelic_rpm-3.7.2.195/lib/new_relic/agent/instrumentation/controller_instrumentation.rb:339:in `perform_action_with_newrelic_trace'
 /home/leemour/.rbenv/versions/2.1.0/lib/ruby/gems/2.1.0/gems/newrelic_rpm-3.7.2.195/lib/new_relic/agent/instrumentation/sinatra.rb:143:in `dispatch_with_newrelic'
 /home/leemour/.rbenv/versions/2.1.0/lib/ruby/gems/2.1.0/gems/sinatra-1.4.4/lib/sinatra/base.rb:889:in `block in call!'
 /home/leemour/.rbenv/versions/2.1.0/lib/ruby/gems/2.1.0/gems/sinatra-1.4.4/lib/sinatra/base.rb:1049:in `block in invoke'
 /home/leemour/.rbenv/versions/2.1.0/lib/ruby/gems/2.1.0/gems/sinatra-1.4.4/lib/sinatra/base.rb:1049:in `catch'
 /home/leemour/.rbenv/versions/2.1.0/lib/ruby/gems/2.1.0/gems/sinatra-1.4.4/lib/sinatra/base.rb:1049:in `invoke'
 /home/leemour/.rbenv/versions/2.1.0/lib/ruby/gems/2.1.0/gems/sinatra-1.4.4/lib/sinatra/base.rb:889:in `call!'
 /home/leemour/.rbenv/versions/2.1.0/lib/ruby/gems/2.1.0/gems/sinatra-1.4.4/lib/sinatra/base.rb:877:in `call'
 /home/leemour/.rbenv/versions/2.1.0/lib/ruby/gems/2.1.0/gems/newrelic_rpm-3.7.2.195/lib/new_relic/rack/error_collector.rb:55:in `call'
 /home/leemour/.rbenv/versions/2.1.0/lib/ruby/gems/2.1.0/gems/newrelic_rpm-3.7.2.195/lib/new_relic/rack/browser_monitoring.rb:27:in `call'
 /home/leemour/.rbenv/versions/2.1.0/lib/ruby/gems/2.1.0/gems/newrelic_rpm-3.7.2.195/lib/new_relic/rack/agent_hooks.rb:32:in `call'
 /home/leemour/.rbenv/versions/2.1.0/lib/ruby/gems/2.1.0/gems/activerecord-4.0.3/lib/active_record/connection_adapters/abstract/connection_pool.rb:626:in `call'
 /home/leemour/.rbenv/versions/2.1.0/lib/ruby/gems/2.1.0/gems/sass-3.2.14/lib/sass/plugin/rack.rb:54:in `call'
 /home/leemour/.rbenv/versions/2.1.0/lib/ruby/gems/2.1.0/gems/rack-protection-1.5.2/lib/rack/protection/base.rb:50:in `call'
 /home/leemour/.rbenv/versions/2.1.0/lib/ruby/gems/2.1.0/gems/rack-protection-1.5.2/lib/rack/protection/xss_header.rb:18:in `call'
 /home/leemour/.rbenv/versions/2.1.0/lib/ruby/gems/2.1.0/gems/rack-protection-1.5.2/lib/rack/protection/base.rb:50:in `call'
 /home/leemour/.rbenv/versions/2.1.0/lib/ruby/gems/2.1.0/gems/rack-protection-1.5.2/lib/rack/protection/base.rb:50:in `call'
 /home/leemour/.rbenv/versions/2.1.0/lib/ruby/gems/2.1.0/gems/rack-protection-1.5.2/lib/rack/protection/json_csrf.rb:18:in `call'
 /home/leemour/.rbenv/versions/2.1.0/lib/ruby/gems/2.1.0/gems/rack-protection-1.5.2/lib/rack/protection/base.rb:50:in `call'
 /home/leemour/.rbenv/versions/2.1.0/lib/ruby/gems/2.1.0/gems/rack-protection-1.5.2/lib/rack/protection/base.rb:50:in `call'
 /home/leemour/.rbenv/versions/2.1.0/lib/ruby/gems/2.1.0/gems/rack-protection-1.5.2/lib/rack/protection/frame_options.rb:31:in `call'
 /home/leemour/.rbenv/versions/2.1.0/lib/ruby/gems/2.1.0/gems/rack-1.5.2/lib/rack/head.rb:11:in `call'
 /home/leemour/.rbenv/versions/2.1.0/lib/ruby/gems/2.1.0/gems/rack-1.5.2/lib/rack/methodoverride.rb:21:in `call'
 /home/leemour/.rbenv/versions/2.1.0/lib/ruby/gems/2.1.0/gems/padrino-core-0.12.0/lib/padrino-core/reloader/rack.rb:22:in `call'
 /home/leemour/.rbenv/versions/2.1.0/lib/ruby/gems/2.1.0/gems/rack-1.5.2/lib/rack/session/abstract/id.rb:225:in `context'
 /home/leemour/.rbenv/versions/2.1.0/lib/ruby/gems/2.1.0/gems/rack-1.5.2/lib/rack/session/abstract/id.rb:220:in `call'
 /home/leemour/.rbenv/versions/2.1.0/lib/ruby/gems/2.1.0/gems/sinatra-1.4.4/lib/sinatra/base.rb:2004:in `call'
 /home/leemour/.rbenv/versions/2.1.0/lib/ruby/gems/2.1.0/gems/sinatra-1.4.4/lib/sinatra/base.rb:1469:in `block in call'
 /home/leemour/.rbenv/versions/2.1.0/lib/ruby/gems/2.1.0/gems/sinatra-1.4.4/lib/sinatra/base.rb:1778:in `synchronize'
 /home/leemour/.rbenv/versions/2.1.0/lib/ruby/gems/2.1.0/gems/sinatra-1.4.4/lib/sinatra/base.rb:1469:in `call'
 /home/leemour/.rbenv/versions/2.1.0/lib/ruby/gems/2.1.0/gems/padrino-core-0.12.0/lib/padrino-core/router.rb:82:in `block in call'
 /home/leemour/.rbenv/versions/2.1.0/lib/ruby/gems/2.1.0/gems/padrino-core-0.12.0/lib/padrino-core/router.rb:75:in `each'
 /home/leemour/.rbenv/versions/2.1.0/lib/ruby/gems/2.1.0/gems/padrino-core-0.12.0/lib/padrino-core/router.rb:75:in `call'
 /home/leemour/.rbenv/versions/2.1.0/lib/ruby/gems/2.1.0/gems/puma-2.8.0/lib/puma/server.rb:490:in `handle_request'
 /home/leemour/.rbenv/versions/2.1.0/lib/ruby/gems/2.1.0/gems/puma-2.8.0/lib/puma/server.rb:361:in `process_client'
 /home/leemour/.rbenv/versions/2.1.0/lib/ruby/gems/2.1.0/gems/puma-2.8.0/lib/puma/server.rb:254:in `block in run'
 /home/leemour/.rbenv/versions/2.1.0/lib/ruby/gems/2.1.0/gems/puma-2.8.0/lib/puma/thread_pool.rb:92:in `call'
 /home/leemour/.rbenv/versions/2.1.0/lib/ruby/gems/2.1.0/gems/puma-2.8.0/lib/puma/thread_pool.rb:92:in `block in spawn_thread'
[31m  ERROR[0m - [33m06/Mar/2014 22:18:39[0m NoMethodError: undefined method `pry' for #<Binding:0x007f0b7f8aea80>; /home/leemour/Ruby/lenstroy2/config/apps.rb:30:in `block in <top (required)>'
[31m  ERROR[0m - [33m06/Mar/2014 22:18:39[0m NoMethodError: undefined method `pry' for #<Binding:0x007f0b7f9ef4f8>; /home/leemour/Ruby/lenstroy2/config/apps.rb:30:in `block in <top (required)>'
[31m  ERROR[0m - [33m06/Mar/2014 22:18:39[0m NoMethodError: undefined method `pry' for #<Binding:0x007f0b7f9ef4f8>; /home/leemour/Ruby/lenstroy2/config/apps.rb:30:in `block in <top (required)>'
[31m  ERROR[0m - [33m06/Mar/2014 22:19:31[0m NoMethodError - undefined method `title' for nil:NilClass:
 /home/leemour/Ruby/lenstroy2/app/views/pages/page.haml:1:in `block in singleton class'
 /home/leemour/Ruby/lenstroy2/app/views/pages/page.haml:-8:in `instance_eval'
 /home/leemour/Ruby/lenstroy2/app/views/pages/page.haml:-8:in `singleton class'
 /home/leemour/Ruby/lenstroy2/app/views/pages/page.haml:-10:in `__tilt_69840557671540'
 /home/leemour/.rbenv/versions/2.1.0/lib/ruby/gems/2.1.0/gems/tilt-1.4.1/lib/tilt/template.rb:170:in `call'
 /home/leemour/.rbenv/versions/2.1.0/lib/ruby/gems/2.1.0/gems/tilt-1.4.1/lib/tilt/template.rb:170:in `evaluate'
 /home/leemour/.rbenv/versions/2.1.0/lib/ruby/gems/2.1.0/gems/tilt-1.4.1/lib/tilt/haml.rb:24:in `evaluate'
 /home/leemour/.rbenv/versions/2.1.0/lib/ruby/gems/2.1.0/gems/tilt-1.4.1/lib/tilt/template.rb:103:in `render'
 /home/leemour/.rbenv/versions/2.1.0/lib/ruby/gems/2.1.0/gems/padrino-core-0.12.0/lib/padrino-core/application/rendering.rb:15:in `render'
 /home/leemour/.rbenv/versions/2.1.0/lib/ruby/gems/2.1.0/gems/sinatra-1.4.4/lib/sinatra/base.rb:805:in `render'
 /home/leemour/.rbenv/versions/2.1.0/lib/ruby/gems/2.1.0/gems/padrino-core-0.12.0/lib/padrino-core/application/rendering.rb:217:in `render'
 /home/leemour/Ruby/lenstroy2/app/controllers/main.rb:15:in `block (2 levels) in <top (required)>'
 /home/leemour/.rbenv/versions/2.1.0/lib/ruby/gems/2.1.0/gems/padrino-core-0.12.0/lib/padrino-core/application/routing.rb:699:in `call'
 /home/leemour/.rbenv/versions/2.1.0/lib/ruby/gems/2.1.0/gems/padrino-core-0.12.0/lib/padrino-core/application/routing.rb:699:in `block in route'
 /home/leemour/.rbenv/versions/2.1.0/lib/ruby/gems/2.1.0/gems/padrino-core-0.12.0/lib/padrino-core/application/routing.rb:62:in `[]'
 /home/leemour/.rbenv/versions/2.1.0/lib/ruby/gems/2.1.0/gems/padrino-core-0.12.0/lib/padrino-core/application/routing.rb:62:in `block (3 levels) in process_destination_path'
 /home/leemour/.rbenv/versions/2.1.0/lib/ruby/gems/2.1.0/gems/sinatra-1.4.4/lib/sinatra/base.rb:976:in `route_eval'
 /home/leemour/.rbenv/versions/2.1.0/lib/ruby/gems/2.1.0/gems/newrelic_rpm-3.7.2.195/lib/new_relic/agent/instrumentation/sinatra.rb:133:in `route_eval_with_newrelic'
 /home/leemour/.rbenv/versions/2.1.0/lib/ruby/gems/2.1.0/gems/padrino-core-0.12.0/lib/padrino-core/application/routing.rb:62:in `block (2 levels) in process_destination_path'
 /home/leemour/.rbenv/versions/2.1.0/lib/ruby/gems/2.1.0/gems/padrino-core-0.12.0/lib/padrino-core/application/routing.rb:62:in `catch'
 /home/leemour/.rbenv/versions/2.1.0/lib/ruby/gems/2.1.0/gems/padrino-core-0.12.0/lib/padrino-core/application/routing.rb:62:in `block in process_destination_path'
 /home/leemour/.rbenv/versions/2.1.0/lib/ruby/gems/2.1.0/gems/padrino-core-0.12.0/lib/padrino-core/application/routing.rb:37:in `instance_eval'
 /home/leemour/.rbenv/versions/2.1.0/lib/ruby/gems/2.1.0/gems/padrino-core-0.12.0/lib/padrino-core/application/routing.rb:37:in `process_destination_path'
 (eval):136:in `block in call'
 (eval):125:in `catch'
 (eval):125:in `call'
 /home/leemour/.rbenv/versions/2.1.0/lib/ruby/gems/2.1.0/gems/http_router-0.11.1/lib/http_router.rb:288:in `raw_call'
 /home/leemour/.rbenv/versions/2.1.0/lib/ruby/gems/2.1.0/gems/http_router-0.11.1/lib/http_router.rb:142:in `call'
 /home/leemour/.rbenv/versions/2.1.0/lib/ruby/gems/2.1.0/gems/padrino-core-0.12.0/lib/padrino-core/application/routing.rb:1101:in `route!'
 /home/leemour/.rbenv/versions/2.1.0/lib/ruby/gems/2.1.0/gems/padrino-core-0.12.0/lib/padrino-core/application/routing.rb:1086:in `block in dispatch!'
 /home/leemour/.rbenv/versions/2.1.0/lib/ruby/gems/2.1.0/gems/sinatra-1.4.4/lib/sinatra/base.rb:1049:in `block in invoke'
 /home/leemour/.rbenv/versions/2.1.0/lib/ruby/gems/2.1.0/gems/sinatra-1.4.4/lib/sinatra/base.rb:1049:in `catch'
 /home/leemour/.rbenv/versions/2.1.0/lib/ruby/gems/2.1.0/gems/sinatra-1.4.4/lib/sinatra/base.rb:1049:in `invoke'
 /home/leemour/.rbenv/versions/2.1.0/lib/ruby/gems/2.1.0/gems/padrino-core-0.12.0/lib/padrino-core/application/routing.rb:1084:in `dispatch!'
 /home/leemour/.rbenv/versions/2.1.0/lib/ruby/gems/2.1.0/gems/newrelic_rpm-3.7.2.195/lib/new_relic/agent/instrumentation/sinatra.rb:151:in `dispatch_and_notice_errors_with_newrelic'
 /home/leemour/.rbenv/versions/2.1.0/lib/ruby/gems/2.1.0/gems/newrelic_rpm-3.7.2.195/lib/new_relic/agent/instrumentation/sinatra.rb:146:in `block in dispatch_with_newrelic'
 /home/leemour/.rbenv/versions/2.1.0/lib/ruby/gems/2.1.0/gems/newrelic_rpm-3.7.2.195/lib/new_relic/agent/instrumentation/controller_instrumentation.rb:339:in `perform_action_with_newrelic_trace'
 /home/leemour/.rbenv/versions/2.1.0/lib/ruby/gems/2.1.0/gems/newrelic_rpm-3.7.2.195/lib/new_relic/agent/instrumentation/sinatra.rb:143:in `dispatch_with_newrelic'
 /home/leemour/.rbenv/versions/2.1.0/lib/ruby/gems/2.1.0/gems/sinatra-1.4.4/lib/sinatra/base.rb:889:in `block in call!'
 /home/leemour/.rbenv/versions/2.1.0/lib/ruby/gems/2.1.0/gems/sinatra-1.4.4/lib/sinatra/base.rb:1049:in `block in invoke'
 /home/leemour/.rbenv/versions/2.1.0/lib/ruby/gems/2.1.0/gems/sinatra-1.4.4/lib/sinatra/base.rb:1049:in `catch'
 /home/leemour/.rbenv/versions/2.1.0/lib/ruby/gems/2.1.0/gems/sinatra-1.4.4/lib/sinatra/base.rb:1049:in `invoke'
 /home/leemour/.rbenv/versions/2.1.0/lib/ruby/gems/2.1.0/gems/sinatra-1.4.4/lib/sinatra/base.rb:889:in `call!'
 /home/leemour/.rbenv/versions/2.1.0/lib/ruby/gems/2.1.0/gems/sinatra-1.4.4/lib/sinatra/base.rb:877:in `call'
 /home/leemour/.rbenv/versions/2.1.0/lib/ruby/gems/2.1.0/gems/padrino-core-0.12.0/lib/padrino-core/application.rb:34:in `block in call'
 /home/leemour/.rbenv/versions/2.1.0/lib/ruby/gems/2.1.0/gems/padrino-core-0.12.0/lib/padrino-core/application.rb:30:in `synchronize'
 /home/leemour/.rbenv/versions/2.1.0/lib/ruby/gems/2.1.0/gems/padrino-core-0.12.0/lib/padrino-core/application.rb:30:in `call'
 /home/leemour/.rbenv/versions/2.1.0/lib/ruby/gems/2.1.0/gems/newrelic_rpm-3.7.2.195/lib/new_relic/rack/error_collector.rb:55:in `call'
 /home/leemour/.rbenv/versions/2.1.0/lib/ruby/gems/2.1.0/gems/newrelic_rpm-3.7.2.195/lib/new_relic/rack/browser_monitoring.rb:27:in `call'
 /home/leemour/.rbenv/versions/2.1.0/lib/ruby/gems/2.1.0/gems/newrelic_rpm-3.7.2.195/lib/new_relic/rack/agent_hooks.rb:32:in `call'
 /home/leemour/.rbenv/versions/2.1.0/lib/ruby/gems/2.1.0/gems/activerecord-4.0.3/lib/active_record/connection_adapters/abstract/connection_pool.rb:626:in `call'
 /home/leemour/.rbenv/versions/2.1.0/lib/ruby/gems/2.1.0/gems/sass-3.2.14/lib/sass/plugin/rack.rb:54:in `call'
 /home/leemour/.rbenv/versions/2.1.0/lib/ruby/gems/2.1.0/gems/rack-protection-1.5.2/lib/rack/protection/base.rb:50:in `call'
 /home/leemour/.rbenv/versions/2.1.0/lib/ruby/gems/2.1.0/gems/rack-protection-1.5.2/lib/rack/protection/xss_header.rb:18:in `call'
 /home/leemour/.rbenv/versions/2.1.0/lib/ruby/gems/2.1.0/gems/rack-protection-1.5.2/lib/rack/protection/base.rb:50:in `call'
 /home/leemour/.rbenv/versions/2.1.0/lib/ruby/gems/2.1.0/gems/rack-protection-1.5.2/lib/rack/protection/base.rb:50:in `call'
 /home/leemour/.rbenv/versions/2.1.0/lib/ruby/gems/2.1.0/gems/rack-protection-1.5.2/lib/rack/protection/json_csrf.rb:18:in `call'
 /home/leemour/.rbenv/versions/2.1.0/lib/ruby/gems/2.1.0/gems/rack-protection-1.5.2/lib/rack/protection/base.rb:50:in `call'
 /home/leemour/.rbenv/versions/2.1.0/lib/ruby/gems/2.1.0/gems/rack-protection-1.5.2/lib/rack/protection/base.rb:50:in `call'
 /home/leemour/.rbenv/versions/2.1.0/lib/ruby/gems/2.1.0/gems/rack-protection-1.5.2/lib/rack/protection/frame_options.rb:31:in `call'
 /home/leemour/.rbenv/versions/2.1.0/lib/ruby/gems/2.1.0/gems/rack-1.5.2/lib/rack/head.rb:11:in `call'
 /home/leemour/.rbenv/versions/2.1.0/lib/ruby/gems/2.1.0/gems/rack-1.5.2/lib/rack/methodoverride.rb:21:in `call'
 /home/leemour/.rbenv/versions/2.1.0/lib/ruby/gems/2.1.0/gems/padrino-core-0.12.0/lib/padrino-core/reloader/rack.rb:22:in `call'
 /home/leemour/.rbenv/versions/2.1.0/lib/ruby/gems/2.1.0/gems/rack-1.5.2/lib/rack/session/abstract/id.rb:225:in `context'
 /home/leemour/.rbenv/versions/2.1.0/lib/ruby/gems/2.1.0/gems/rack-1.5.2/lib/rack/session/abstract/id.rb:220:in `call'
 /home/leemour/.rbenv/versions/2.1.0/lib/ruby/gems/2.1.0/gems/sinatra-1.4.4/lib/sinatra/base.rb:2004:in `call'
 /home/leemour/.rbenv/versions/2.1.0/lib/ruby/gems/2.1.0/gems/sinatra-1.4.4/lib/sinatra/base.rb:1469:in `block in call'
 /home/leemour/.rbenv/versions/2.1.0/lib/ruby/gems/2.1.0/gems/sinatra-1.4.4/lib/sinatra/base.rb:1778:in `synchronize'
 /home/leemour/.rbenv/versions/2.1.0/lib/ruby/gems/2.1.0/gems/sinatra-1.4.4/lib/sinatra/base.rb:1469:in `call'
 /home/leemour/.rbenv/versions/2.1.0/lib/ruby/gems/2.1.0/gems/padrino-core-0.12.0/lib/padrino-core/router.rb:82:in `block in call'
 /home/leemour/.rbenv/versions/2.1.0/lib/ruby/gems/2.1.0/gems/padrino-core-0.12.0/lib/padrino-core/router.rb:75:in `each'
 /home/leemour/.rbenv/versions/2.1.0/lib/ruby/gems/2.1.0/gems/padrino-core-0.12.0/lib/padrino-core/router.rb:75:in `call'
 /home/leemour/.rbenv/versions/2.1.0/lib/ruby/gems/2.1.0/gems/puma-2.8.0/lib/puma/server.rb:490:in `handle_request'
 /home/leemour/.rbenv/versions/2.1.0/lib/ruby/gems/2.1.0/gems/puma-2.8.0/lib/puma/server.rb:361:in `process_client'
 /home/leemour/.rbenv/versions/2.1.0/lib/ruby/gems/2.1.0/gems/puma-2.8.0/lib/puma/server.rb:254:in `block in run'
 /home/leemour/.rbenv/versions/2.1.0/lib/ruby/gems/2.1.0/gems/puma-2.8.0/lib/puma/thread_pool.rb:92:in `call'
 /home/leemour/.rbenv/versions/2.1.0/lib/ruby/gems/2.1.0/gems/puma-2.8.0/lib/puma/thread_pool.rb:92:in `block in spawn_thread'
